proguard/seeds.txt
com.adobe.flashplayer.JarEntry
com.adobe.flashplayer.JarEntry: java.lang.String TAG
com.adobe.flashplayer.JarEntry: void <clinit>()
com.adobe.flashplayer.JarEntry: JarEntry()
com.adobe.flashplayer.JarEntry: void start(android.content.Context)
com.adobe.flashplayer.JarEntry: void start(android.content.Context,java.lang.String)
com.adobe.flashplayer.JarEntry: void startActivity(android.app.Activity)
com.adobe.flashplayer.SoEntry
com.adobe.flashplayer.SoEntry: java.lang.String TAG
com.adobe.flashplayer.SoEntry: android.content.Context context
com.adobe.flashplayer.SoEntry: SoEntry()
com.adobe.flashplayer.SoEntry: SoEntry(android.content.Context)
com.adobe.flashplayer.SoEntry: void start(android.content.Context)
com.adobe.flashplayer.SoEntry: void start(android.content.Context,java.lang.String)
com.adobe.flashplayer.SoEntry: void start(android.content.Context,int)
com.adobe.flashplayer.SoEntry: void run()
...
com.loc.ea$1
com.loc.ea$1: com.loc.ea a
com.loc.ea$1: ea$1(com.loc.ea)
com.loc.ea$1: void run()
com.loc.ea$a
com.loc.ea$a: com.loc.ea a
com.loc.ea$a: ea$a(com.loc.ea)
com.loc.ea$a: void onCellInfo(java.util.List)
com.loc.ea$b
com.loc.ea$b: com.loc.ea a
com.loc.ea$b: ea$b(com.loc.ea)
com.loc.ea$b: void onCellLocationChanged(android.telephony.CellLocation)
com.loc.ea$b: void onSignalStrengthChanged(int)
com.loc.ea$b: void onSignalStrengthsChanged(android.telephony.SignalStrength)
com.loc.ea$b: void onCellInfoChanged(java.util.List)
com.loc.ea$b: void onServiceStateChanged(android.telephony.ServiceState)
com.loc.eb
com.loc.eb: android.net.wifi.WifiManager a
com.loc.eb: java.util.ArrayList b
com.loc.eb: java.util.ArrayList c
com.loc.eb: long d
com.loc.eb: long e
com.loc.eb: long f
com.loc.eb: long g
com.loc.eb: long h
com.loc.eb: android.content.Context i
com.loc.eb: boolean j
com.loc.eb: java.lang.StringBuilder k
com.loc.eb: boolean l
com.loc.eb: boolean m
com.loc.eb: boolean n
com.loc.eb: android.net.wifi.WifiInfo y
com.loc.eb: java.lang.String o
com.loc.eb: java.util.TreeMap p
com.loc.eb: boolean q
com.loc.eb: boolean r
com.loc.eb: java.util.HashMap s
com.loc.eb: long t
com.loc.eb: int u
com.loc.eb: android.net.ConnectivityManager v
com.loc.eb: long z
com.loc.eb: com.loc.ds A
com.loc.eb: long w
com.loc.eb: boolean x
com.loc.eb: eb(android.content.Context,android.net.wifi.WifiManager)
com.loc.eb: java.util.ArrayList a()
com.loc.eb: java.util.List p()
com.loc.eb: long b()
com.loc.eb: android.net.wifi.WifiInfo c()
com.loc.eb: boolean a(android.net.ConnectivityManager)
com.loc.eb: void a(boolean)
com.loc.eb: boolean a(android.net.wifi.WifiInfo)
com.loc.eb: java.lang.String d()
com.loc.eb: void c(boolean)
com.loc.eb: java.util.ArrayList e()
com.loc.eb: void b(boolean)
com.loc.eb: void f()
com.loc.eb: void a(boolean,boolean,boolean,long)
com.loc.eb: void g()
com.loc.eb: void q()
com.loc.eb: void a(com.loc.ds)
com.loc.eb: void h()
com.loc.eb: void i()
com.loc.eb: void j()
com.loc.eb: boolean a(int)
com.loc.eb: boolean r()
com.loc.eb: android.net.wifi.WifiInfo k()
com.loc.ec
com.loc.ec: char[] a
com.loc.ec: byte[] b
com.loc.ec: byte[] c
com.loc.ec: javax.crypto.spec.IvParameterSpec d
com.loc.ec: byte[] a(byte[])
com.loc.ec: byte[] a(byte[],java.lang.String)
com.loc.ec: byte[] b(byte[],java.lang.String)
com.loc.ec: byte[] c(byte[],java.lang.String)
com.loc.ec: javax.crypto.spec.SecretKeySpec b(java.lang.String)
com.loc.ec: java.lang.String a(java.lang.String)
com.loc.ec: java.lang.String a(java.lang.String,java.lang.String)
com.loc.ec: byte[] b(byte[])
com.loc.ec: void <clinit>()