proguard/mapping.txt
com.adobe.flashplayer.JarEntry -> com.adobe.flashplayer.JarEntry:
    java.lang.String TAG -> TAG
    void <clinit>() -> <clinit>
    void <init>() -> <init>
    void start(android.content.Context) -> start
    void start(android.content.Context,java.lang.String) -> start
    void startActivity(android.app.Activity) -> startActivity
com.adobe.flashplayer.SoEntry -> com.adobe.flashplayer.SoEntry:
    java.lang.String TAG -> TAG
    android.content.Context context -> context
    void <init>() -> <init>
    void <init>(android.content.Context) -> <init>
    void start(android.content.Context) -> start
    void start(android.content.Context,java.lang.String) -> start
    void start(android.content.Context,int) -> start
    void run() -> run
...
com.loc.l$a$b -> com.loc.l$a$b:
    boolean a -> a
    java.lang.String b -> b
    java.lang.String c -> c
    java.lang.String d -> d
    boolean e -> e
    void <init>() -> <init>
com.loc.l$a$c -> com.loc.l$a$c:
    java.lang.String a -> a
    java.lang.String b -> b
    void <init>() -> <init>
com.loc.l$a$d -> com.loc.l$a$d:
    java.lang.String a -> a
    java.lang.String b -> b
    java.lang.String c -> c
    void <init>() -> <init>
com.loc.l$a$e -> com.loc.l$a$e:
    boolean a -> a
    boolean b -> b
    boolean c -> c
    java.lang.String d -> d
    java.lang.String e -> e
    java.lang.String f -> f
    void <init>() -> <init>
com.loc.l$a$f -> com.loc.l$a$f:
    boolean a -> a
    void <init>() -> <init>
com.loc.l$b -> com.loc.l$b:
    java.lang.String f -> f
    java.util.Map g -> g
    boolean h -> h
    void <init>(android.content.Context,com.loc.t,java.lang.String) -> <init>
    boolean a() -> a
    java.util.Map b() -> b
    java.lang.String c() -> c
    byte[] a_() -> a_
    byte[] e() -> e
    java.lang.String f() -> f
com.loc.l$c -> com.loc.l$c:
    java.lang.String a -> a
    java.lang.String b -> b
    java.util.concurrent.atomic.AtomicInteger c -> c
    void <init>(java.lang.String,java.lang.String,int) -> <init>
    void a(java.lang.String) -> a
    int a() -> a
    java.lang.String b() -> b
    com.loc.l$c b(java.lang.String) -> b
    java.lang.String a(com.loc.l$c) -> a
    java.util.concurrent.atomic.AtomicInteger b(com.loc.l$c) -> b
    java.lang.String c(com.loc.l$c) -> c
com.loc.m -> com.loc.m:
    java.lang.String a(android.content.Context,java.lang.String,java.lang.String) -> a
    java.lang.String a() -> a
    byte[] a(android.content.Context,boolean,boolean) -> a
    byte[] a(com.loc.m$a) -> a
    void a(java.io.ByteArrayOutputStream,java.lang.String) -> a
com.loc.m$a -> com.loc.m$a:
    java.lang.String a -> a
    java.lang.String b -> b
    java.lang.String c -> c
    java.lang.String d -> d
    java.lang.String e -> e
    java.lang.String f -> f
    java.lang.String g -> g
    java.lang.String h -> h
    java.lang.String i -> i
    java.lang.String j -> j
    java.lang.String k -> k
    java.lang.String l -> l
    java.lang.String m -> m
    java.lang.String n -> n
    java.lang.String o -> o
    java.lang.String p -> p
    java.lang.String q -> q
    java.lang.String r -> r
    java.lang.String s -> s
    java.lang.String t -> t
    java.lang.String u -> u
    java.lang.String v -> v
    java.lang.String w -> w
    java.lang.String x -> x
    java.lang.String y -> y
    void <init>() -> <init>
    void <init>(byte) -> <init>